<?xml version="1.0" encoding="UTF-8"?>
<testsuite name="com.home.learn.NaryTreeLevelOrderTest" tests="1" skipped="0" failures="0" errors="0" timestamp="2020-03-01T06:15:18" hostname="Wei-Desktop" time="0.021">
  <properties/>
  <testcase name="test()" classname="com.home.learn.NaryTreeLevelOrderTest" time="0.021"/>
  <system-out><![CDATA[test
]]></system-out>
  <system-err><![CDATA[]]></system-err>
</testsuite>
